{"name": "TC: 66, Verify Right Navigation Arrow is disabled when we are on the last card in the list", "status": "failed", "statusDetails": {"message": "AssertionError: Right nav is not disabled when it is on last movie cards. \nassert None == 'Right Nav is disabled'\n  -None\n  +'Right Nav is disabled'", "trace": "browser = <selenium.webdriver.chrome.webdriver.WebDriver (session=\"495b0a1c9cf7eb0cc5a56d0f7f572155\")>\n\n    @allure.title('TC: 66, Verify Right Navigation Arrow is disabled when we are on the last card in the list')\n    def test_rightnav_disabled(browser):\n        home_page = homePageObj(browser)\n        time.sleep(2)\n        home_page.click_secnav_arrow()\n        time.sleep(2)\n>       assert home_page.verify_arrow_disbaled() == \"Right Nav is disabled\", \"Right nav is not disabled when it is on \" \\\n                                                                             \"last movie cards. \"\nE       AssertionError: Right nav is not disabled when it is on last movie cards. \nE       assert None == 'Right Nav is disabled'\nE         -None\nE         +'Right Nav is disabled'\n\ntests\\all_tests.py:177: AssertionError"}, "steps": [{"name": "Click Second Right nav arrow ", "status": "passed", "start": 1587551998020, "stop": 1587552001734}, {"name": "Verify Right nav arrow got disabled when we are on last ", "status": "passed", "start": 1587552003735, "stop": 1587552013770}], "attachments": [{"name": "Screenshot", "source": "34a427bc-c601-4cff-bdc7-41a429b7e3a1-attachment.png", "type": "image/png"}], "start": 1587551996014, "stop": 1587552013770, "uuid": "76ae8f77-6860-477a-a85a-d9727190696a", "historyId": "27b9f72491a1ab51cf2154c473a52678", "testCaseId": "f90a6050e3f0e8ee3e983921578af2c2", "fullName": "tests.all_tests#test_rightnav_disabled", "labels": [{"name": "parentSuite", "value": "tests"}, {"name": "suite", "value": "all_tests"}, {"name": "host", "value": "DESKTOP-NL8P3T4"}, {"name": "thread", "value": "6464-MainThread"}, {"name": "framework", "value": "pytest"}, {"name": "language", "value": "cpython3"}, {"name": "package", "value": "tests.all_tests"}]}