{
  "uid" : "169c331f34eebada",
  "name" : "TC: 66, Verify Right Navigation Arrow is disabled when we are on the last card in the list",
  "fullName" : "tests.all_tests#test_rightnav_disabled",
  "historyId" : "27b9f72491a1ab51cf2154c473a52678",
  "time" : {
    "start" : 1587551996014,
    "stop" : 1587552013770,
    "duration" : 17756
  },
  "status" : "failed",
  "statusMessage" : "AssertionError: Right nav is not disabled when it is on last movie cards. \nassert None == 'Right Nav is disabled'\n  -None\n  +'Right Nav is disabled'",
  "statusTrace" : "browser = <selenium.webdriver.chrome.webdriver.WebDriver (session=\"495b0a1c9cf7eb0cc5a56d0f7f572155\")>\n\n    @allure.title('TC: 66, Verify Right Navigation Arrow is disabled when we are on the last card in the list')\n    def test_rightnav_disabled(browser):\n        home_page = homePageObj(browser)\n        time.sleep(2)\n        home_page.click_secnav_arrow()\n        time.sleep(2)\n>       assert home_page.verify_arrow_disbaled() == \"Right Nav is disabled\", \"Right nav is not disabled when it is on \" \\\n                                                                             \"last movie cards. \"\nE       AssertionError: Right nav is not disabled when it is on last movie cards. \nE       assert None == 'Right Nav is disabled'\nE         -None\nE         +'Right Nav is disabled'\n\ntests\\all_tests.py:177: AssertionError",
  "flaky" : false,
  "newFailed" : false,
  "beforeStages" : [ {
    "name" : "config_browser",
    "time" : {
      "start" : 1587551618815,
      "stop" : 1587551618815,
      "duration" : 0
    },
    "status" : "passed",
    "steps" : [ ],
    "attachments" : [ ],
    "parameters" : [ ],
    "stepsCount" : 0,
    "hasContent" : false,
    "shouldDisplayMessage" : false,
    "attachmentsCount" : 0
  }, {
    "name" : "config_executor",
    "time" : {
      "start" : 1587551618815,
      "stop" : 1587551618815,
      "duration" : 0
    },
    "status" : "passed",
    "steps" : [ ],
    "attachments" : [ ],
    "parameters" : [ ],
    "stepsCount" : 0,
    "hasContent" : false,
    "shouldDisplayMessage" : false,
    "attachmentsCount" : 0
  }, {
    "name" : "config_wait_time",
    "time" : {
      "start" : 1587551618815,
      "stop" : 1587551618815,
      "duration" : 0
    },
    "status" : "passed",
    "steps" : [ ],
    "attachments" : [ ],
    "parameters" : [ ],
    "stepsCount" : 0,
    "hasContent" : false,
    "shouldDisplayMessage" : false,
    "attachmentsCount" : 0
  }, {
    "name" : "config",
    "time" : {
      "start" : 1587551618815,
      "stop" : 1587551618815,
      "duration" : 0
    },
    "status" : "passed",
    "steps" : [ ],
    "attachments" : [ ],
    "parameters" : [ ],
    "stepsCount" : 0,
    "hasContent" : false,
    "shouldDisplayMessage" : false,
    "attachmentsCount" : 0
  }, {
    "name" : "browser",
    "time" : {
      "start" : 1587551618815,
      "stop" : 1587551622097,
      "duration" : 3282
    },
    "status" : "passed",
    "steps" : [ ],
    "attachments" : [ ],
    "parameters" : [ ],
    "stepsCount" : 0,
    "hasContent" : false,
    "shouldDisplayMessage" : false,
    "attachmentsCount" : 0
  } ],
  "testStage" : {
    "status" : "failed",
    "statusMessage" : "AssertionError: Right nav is not disabled when it is on last movie cards. \nassert None == 'Right Nav is disabled'\n  -None\n  +'Right Nav is disabled'",
    "statusTrace" : "browser = <selenium.webdriver.chrome.webdriver.WebDriver (session=\"495b0a1c9cf7eb0cc5a56d0f7f572155\")>\n\n    @allure.title('TC: 66, Verify Right Navigation Arrow is disabled when we are on the last card in the list')\n    def test_rightnav_disabled(browser):\n        home_page = homePageObj(browser)\n        time.sleep(2)\n        home_page.click_secnav_arrow()\n        time.sleep(2)\n>       assert home_page.verify_arrow_disbaled() == \"Right Nav is disabled\", \"Right nav is not disabled when it is on \" \\\n                                                                             \"last movie cards. \"\nE       AssertionError: Right nav is not disabled when it is on last movie cards. \nE       assert None == 'Right Nav is disabled'\nE         -None\nE         +'Right Nav is disabled'\n\ntests\\all_tests.py:177: AssertionError",
    "steps" : [ {
      "name" : "Click Second Right nav arrow ",
      "time" : {
        "start" : 1587551998020,
        "stop" : 1587552001734,
        "duration" : 3714
      },
      "status" : "passed",
      "steps" : [ ],
      "attachments" : [ ],
      "parameters" : [ ],
      "stepsCount" : 0,
      "hasContent" : false,
      "shouldDisplayMessage" : false,
      "attachmentsCount" : 0
    }, {
      "name" : "Verify Right nav arrow got disabled when we are on last ",
      "time" : {
        "start" : 1587552003735,
        "stop" : 1587552013770,
        "duration" : 10035
      },
      "status" : "passed",
      "steps" : [ ],
      "attachments" : [ ],
      "parameters" : [ ],
      "stepsCount" : 0,
      "hasContent" : false,
      "shouldDisplayMessage" : false,
      "attachmentsCount" : 0
    } ],
    "attachments" : [ {
      "uid" : "7bf09618c3b4068c",
      "name" : "Screenshot",
      "source" : "7bf09618c3b4068c.png",
      "type" : "image/png",
      "size" : 659285
    } ],
    "parameters" : [ ],
    "stepsCount" : 2,
    "hasContent" : true,
    "shouldDisplayMessage" : true,
    "attachmentsCount" : 1
  },
  "afterStages" : [ {
    "name" : "browser::0",
    "time" : {
      "start" : 1587552014853,
      "stop" : 1587552017023,
      "duration" : 2170
    },
    "status" : "passed",
    "steps" : [ ],
    "attachments" : [ ],
    "parameters" : [ ],
    "stepsCount" : 0,
    "hasContent" : false,
    "shouldDisplayMessage" : false,
    "attachmentsCount" : 0
  } ],
  "labels" : [ {
    "name" : "parentSuite",
    "value" : "tests"
  }, {
    "name" : "suite",
    "value" : "all_tests"
  }, {
    "name" : "host",
    "value" : "DESKTOP-NL8P3T4"
  }, {
    "name" : "thread",
    "value" : "6464-MainThread"
  }, {
    "name" : "framework",
    "value" : "pytest"
  }, {
    "name" : "language",
    "value" : "cpython3"
  }, {
    "name" : "package",
    "value" : "tests.all_tests"
  }, {
    "name" : "resultFormat",
    "value" : "allure2"
  } ],
  "parameters" : [ ],
  "links" : [ ],
  "hidden" : false,
  "retry" : false,
  "extra" : {
    "severity" : "normal",
    "retries" : [ ],
    "categories" : [ {
      "name" : "Product defects",
      "matchedStatuses" : [ ],
      "flaky" : false
    } ],
    "tags" : [ ]
  },
  "source" : "169c331f34eebada.json",
  "parameterValues" : [ ]
}